Using pre-set license
Built from '2020.3/staging' branch; Version is '2020.3.25f1 (9b9180224418) revision 10195328'; Using compiler version '192528614'; Build Type 'Release'
OS: 'Windows 11  (10.0.22000) 64bit Education' Language: 'en' Physical Memory: 32713 MB
BatchMode: 1, IsHumanControllingUs: 0, StartBugReporterOnCrash: 0, Is64bit: 1, IsPro: 0

COMMAND LINE ARGUMENTS:
C:\Program Files\Unity\Hub\Editor\2020.3.25f1\Editor\Unity.exe
-adb2
-batchMode
-noUpm
-name
AssetImportWorker0
-projectPath
C:/Users/fistf/OneDrive/Documents/GitHub/Unity-VR-Tutorial-2022/Unity VR 2022
-logFile
Logs/AssetImportWorker0.log
-srvPort
57767
Successfully changed project path to: C:/Users/fistf/OneDrive/Documents/GitHub/Unity-VR-Tutorial-2022/Unity VR 2022
C:/Users/fistf/OneDrive/Documents/GitHub/Unity-VR-Tutorial-2022/Unity VR 2022
Using Asset Import Pipeline V2.
Refreshing native plugins compatible for Editor in 72.53 ms, found 10 plugins.
Preloading 1 native plugins for Editor in 0.74 ms.
Initialize engine version: 2020.3.25f1 (9b9180224418)
[Subsystems] Discovering subsystems at path C:/Program Files/Unity/Hub/Editor/2020.3.25f1/Editor/Data/Resources/UnitySubsystems
[Subsystems] Discovering subsystems at path C:/Users/fistf/OneDrive/Documents/GitHub/Unity-VR-Tutorial-2022/Unity VR 2022/Assets
GfxDevice: creating device client; threaded=0
Direct3D:
    Version:  Direct3D 11.0 [level 11.1]
    Renderer: NVIDIA GeForce GTX 1070 (ID=0x1b81)
    Vendor:   
    VRAM:     8088 MB
    Driver:   30.0.15.1123
Initialize mono
Mono path[0] = 'C:/Program Files/Unity/Hub/Editor/2020.3.25f1/Editor/Data/Managed'
Mono path[1] = 'C:/Program Files/Unity/Hub/Editor/2020.3.25f1/Editor/Data/MonoBleedingEdge/lib/mono/unityjit'
Mono config path = 'C:/Program Files/Unity/Hub/Editor/2020.3.25f1/Editor/Data/MonoBleedingEdge/etc'
Using monoOptions --debugger-agent=transport=dt_socket,embedding=1,server=y,suspend=n,address=127.0.0.1:56988
Begin MonoManager ReloadAssembly
Registering precompiled unity dll's ...
Register platform support module: C:/Program Files/Unity/Hub/Editor/2020.3.25f1/Editor/Data/PlaybackEngines/WindowsStandaloneSupport/UnityEditor.WindowsStandalone.Extensions.dll
Registered in 0.001344 seconds.
Native extension for WindowsStandalone target not found
Refreshing native plugins compatible for Editor in 59.58 ms, found 10 plugins.
Preloading 1 native plugins for Editor in 0.07 ms.
Mono: successfully reloaded assembly
- Completed reload, in  0.561 seconds
Domain Reload Profiling:
	ReloadAssembly (561ms)
		BeginReloadAssembly (49ms)
			ExecutionOrderSort (0ms)
			DisableScriptedObjects (0ms)
			BackupInstance (0ms)
			ReleaseScriptingObjects (0ms)
			CreateAndSetChildDomain (1ms)
		EndReloadAssembly (446ms)
			LoadAssemblies (47ms)
			RebuildTransferFunctionScriptingTraits (0ms)
			SetupTypeCache (142ms)
			ReleaseScriptCaches (0ms)
			RebuildScriptCaches (27ms)
			SetupLoadedEditorAssemblies (180ms)
				LogAssemblyErrors (0ms)
				InitializePlatformSupportModulesInManaged (4ms)
				SetLoadedEditorAssemblies (0ms)
				RefreshPlugins (60ms)
				BeforeProcessingInitializeOnLoad (15ms)
				ProcessInitializeOnLoadAttributes (75ms)
				ProcessInitializeOnLoadMethodAttributes (26ms)
				AfterProcessingInitializeOnLoad (0ms)
				EditorAssembliesLoaded (0ms)
			ExecutionOrderSort2 (0ms)
			AwakeInstancesAfterBackupRestoration (0ms)
Platform modules already initialized, skipping
Registering precompiled user dll's ...
Registered in 0.008200 seconds.
Begin MonoManager ReloadAssembly
Native extension for WindowsStandalone target not found
Refreshing native plugins compatible for Editor in 61.02 ms, found 10 plugins.
Preloading 1 native plugins for Editor in 0.07 ms.
[XR] OculusXRPlugin: registering subsystems
[XR] Unable to register display lifecyle provider: [1]
[XR] Oculus Input lifecycle provider registered.
[XR] Unable to register input lifecyle provider: [1]
System.Reflection.TargetInvocationException: Exception has been thrown by the target of an invocation. ---> System.NullReferenceException: Object reference not set to an instance of an object
  at Unity.XR.Oculus.OculusLoader.AssetPathToAbsolutePath (System.String assetPath) [0x0004e] in <3e0819f4e8a0426cb548d5cbac6ce855>:0 
  at Unity.XR.Oculus.OculusLoader.EditorLoadOVRPlugin () [0x0007b] in <3e0819f4e8a0426cb548d5cbac6ce855>:0 
  at (wrapper managed-to-native) System.Reflection.MonoMethod.InternalInvoke(System.Reflection.MonoMethod,object,object[],System.Exception&)
  at System.Reflection.MonoMethod.Invoke (System.Object obj, System.Reflection.BindingFlags invokeAttr, System.Reflection.Binder binder, System.Object[] parameters, System.Globalization.CultureInfo culture) [0x00032] in <695d1cc93cca45069c528c15c9fdd749>:0 
   --- End of inner exception stack trace ---
  at System.Reflection.MonoMethod.Invoke (System.Object obj, System.Reflection.BindingFlags invokeAttr, System.Reflection.Binder binder, System.Object[] parameters, System.Globalization.CultureInfo culture) [0x00048] in <695d1cc93cca45069c528c15c9fdd749>:0 
  at System.Reflection.MethodBase.Invoke (System.Object obj, System.Object[] parameters) [0x00000] in <695d1cc93cca45069c528c15c9fdd749>:0 
  at UnityEditor.EditorAssemblies.ProcessInitializeOnLoadMethodAttributes () [0x00047] in <7ac35247888b44f4a7e290f1f6bb33f3>:0 
UnityEngine.StackTraceUtility:ExtractStackTrace ()
UnityEngine.DebugLogHandler:LogFormat (UnityEngine.LogType,UnityEngine.Object,string,object[])
UnityEngine.Logger:Log (UnityEngine.LogType,object)
UnityEngine.Debug:LogError (object)
UnityEditor.EditorAssemblies:ProcessInitializeOnLoadMethodAttributes ()

Mono: successfully reloaded assembly
- Completed reload, in  1.254 seconds
Domain Reload Profiling:
	ReloadAssembly (1255ms)
		BeginReloadAssembly (139ms)
			ExecutionOrderSort (0ms)
			DisableScriptedObjects (5ms)
			BackupInstance (0ms)
			ReleaseScriptingObjects (0ms)
			CreateAndSetChildDomain (17ms)
		EndReloadAssembly (1054ms)
			LoadAssemblies (97ms)
			RebuildTransferFunctionScriptingTraits (0ms)
			SetupTypeCache (348ms)
			ReleaseScriptCaches (1ms)
			RebuildScriptCaches (53ms)
			SetupLoadedEditorAssemblies (430ms)
				LogAssemblyErrors (0ms)
				InitializePlatformSupportModulesInManaged (3ms)
				SetLoadedEditorAssemblies (0ms)
				RefreshPlugins (61ms)
				BeforeProcessingInitializeOnLoad (100ms)
				ProcessInitializeOnLoadAttributes (239ms)
				ProcessInitializeOnLoadMethodAttributes (22ms)
				AfterProcessingInitializeOnLoad (4ms)
				EditorAssembliesLoaded (0ms)
			ExecutionOrderSort2 (0ms)
			AwakeInstancesAfterBackupRestoration (5ms)
Platform modules already initialized, skipping
========================================================================
Worker process is ready to serve import requests
Launched and connected shader compiler UnityShaderCompiler.exe after 0.03 seconds
Refreshing native plugins compatible for Editor in 0.73 ms, found 10 plugins.
Preloading 1 native plugins for Editor in 0.08 ms.
Unloading 3592 Unused Serialized files (Serialized files now loaded: 0)
System memory in use before: 150.0 MB.
System memory in use after: 150.2 MB.

Unloading 42 unused Assets to reduce memory usage. Loaded Objects now: 4009.
Total: 3.276000 ms (FindLiveObjects: 0.241600 ms CreateObjectMapping: 0.165000 ms MarkObjects: 2.803000 ms  DeleteObjects: 0.065500 ms)

AssetImportParameters requested are different than current active one (requested -> active):
  custom:framework-win-MediaFoundation: 216162199b28c13a410421893ffa2e32 -> 
  custom:video-decoder-ogg-theora: a1e56fd34408186e4bbccfd4996cb3dc -> 
  custom:container-muxer-webm: aa71ff27fc2769a1b78a27578f13a17b -> 
  custom:container-demuxer-webm: 4f35f7cbe854078d1ac9338744f61a02 -> 
  custom:container-demuxer-ogg: 62fdf1f143b41e24485cea50d1cbac27 -> 
  custom:video-encoder-webm-vp8: eb34c28f22e8b96e1ab97ce403110664 -> 
  custom:video-decoder-webm-vp8: 9c59270c3fd7afecdb556c50c9e8de78 -> 
  custom:audio-decoder-ogg-vorbis: bf7c407c2cedff20999df2af8eb42d56 -> 
  custom:audio-encoder-webm-vorbis: bf7c407c2cedff20999df2af8eb42d56 -> 
========================================================================
Received Import Request.
  path: Assets/Scenes/2 Making Grabbable Objects Even Better 1.unity
  artifactKey: Guid(41610676a6f8cec4ba46dd64075c7a9b) Importer(815301076,1909f56bfc062723c751e8b465ee728b)
Start importing Assets/Scenes/2 Making Grabbable Objects Even Better 1.unity using Guid(41610676a6f8cec4ba46dd64075c7a9b) Importer(815301076,1909f56bfc062723c751e8b465ee728b)  -> (artifact id: 'ea6a98a22ff15edf027a41a09f23c174') in 0.013216 seconds 
  Import took 0.017561 seconds .

========================================================================
Received Import Request.
  Time since last request: 13.449332 seconds.
  path: Assets/Scenes/2 Making Grabbable Objects Even Better.unity
  artifactKey: Guid(41610676a6f8cec4ba46dd64075c7a9b) Importer(815301076,1909f56bfc062723c751e8b465ee728b)
Start importing Assets/Scenes/2 Making Grabbable Objects Even Better.unity using Guid(41610676a6f8cec4ba46dd64075c7a9b) Importer(815301076,1909f56bfc062723c751e8b465ee728b)  -> (artifact id: '33ed35e1cbc6e799b2c65ca627c8cada') in 0.002638 seconds 
  Import took 0.007899 seconds .

========================================================================
Received Import Request.
  Time since last request: 3.413805 seconds.
  path: Assets/Scenes/1 Interactable Objects with Ray and Direct Interactors.unity
  artifactKey: Guid(9fc0d4010bbf28b4594072e72b8655ab) Importer(815301076,1909f56bfc062723c751e8b465ee728b)
Start importing Assets/Scenes/1 Interactable Objects with Ray and Direct Interactors.unity using Guid(9fc0d4010bbf28b4594072e72b8655ab) Importer(815301076,1909f56bfc062723c751e8b465ee728b)  -> (artifact id: 'ec91cdae700ae5a3b07fa8f2f6ceb189') in 0.002056 seconds 
  Import took 0.007571 seconds .

========================================================================
Received Import Request.
  Time since last request: 531.142038 seconds.
  path: Assets/Materials/Ball.mat
  artifactKey: Guid(39ee32e0c179b0d45bb3a4b5ccaa0708) Importer(815301076,1909f56bfc062723c751e8b465ee728b)
Start importing Assets/Materials/Ball.mat using Guid(39ee32e0c179b0d45bb3a4b5ccaa0708) Importer(815301076,1909f56bfc062723c751e8b465ee728b)  -> (artifact id: '0f97115333127896c9247065dfae585c') in 0.089707 seconds 
  Import took 0.095026 seconds .

========================================================================
Received Import Request.
  Time since last request: 0.000160 seconds.
  path: Assets/Materials/Ball2.mat
  artifactKey: Guid(3e6a9e00c81c1dc4fa389badfb2f9a17) Importer(815301076,1909f56bfc062723c751e8b465ee728b)
Start importing Assets/Materials/Ball2.mat using Guid(3e6a9e00c81c1dc4fa389badfb2f9a17) Importer(815301076,1909f56bfc062723c751e8b465ee728b)  -> (artifact id: 'd7e6ac751504fa04c83c407c36b19cac') in 0.009832 seconds 
  Import took 0.014711 seconds .

========================================================================
Received Import Request.
  Time since last request: 0.000157 seconds.
  path: Assets/Materials/BatBase.mat
  artifactKey: Guid(4d723ec96c250074abde32523fa7ed4c) Importer(815301076,1909f56bfc062723c751e8b465ee728b)
Start importing Assets/Materials/BatBase.mat using Guid(4d723ec96c250074abde32523fa7ed4c) Importer(815301076,1909f56bfc062723c751e8b465ee728b)  -> (artifact id: '2b0374546bbf640bfa9440781b2b2123') in 0.012407 seconds 
  Import took 0.017493 seconds .

========================================================================
Received Import Request.
  Time since last request: 0.000185 seconds.
  path: Assets/Materials/Ball3.mat
  artifactKey: Guid(09aa1c5813f99f847a47e2ccb09624ee) Importer(815301076,1909f56bfc062723c751e8b465ee728b)
Start importing Assets/Materials/Ball3.mat using Guid(09aa1c5813f99f847a47e2ccb09624ee) Importer(815301076,1909f56bfc062723c751e8b465ee728b)  -> (artifact id: 'dd783ba9dd3b9f669b671475b7e61c64') in 0.007378 seconds 
  Import took 0.013023 seconds .

========================================================================
Received Import Request.
  Time since last request: 0.000162 seconds.
  path: Assets/Materials/HandThumb.mat
  artifactKey: Guid(b771acacc71c56b42803c34e1253542f) Importer(815301076,1909f56bfc062723c751e8b465ee728b)
Start importing Assets/Materials/HandThumb.mat using Guid(b771acacc71c56b42803c34e1253542f) Importer(815301076,1909f56bfc062723c751e8b465ee728b)  -> (artifact id: '9e60569a7e2dcba36fc26e3697ffe664') in 0.008551 seconds 
  Import took 0.013488 seconds .

========================================================================
Received Import Request.
  Time since last request: 0.000163 seconds.
  path: Assets/Materials/BatHandle.mat
  artifactKey: Guid(f66d9ede8b62dba42a8abce9d3dd76c4) Importer(815301076,1909f56bfc062723c751e8b465ee728b)
Start importing Assets/Materials/BatHandle.mat using Guid(f66d9ede8b62dba42a8abce9d3dd76c4) Importer(815301076,1909f56bfc062723c751e8b465ee728b)  -> (artifact id: 'c1c16ea75b84a96b2b11d4834051fd31') in 0.008138 seconds 
  Import took 0.013315 seconds .

========================================================================
Received Import Request.
  Time since last request: 0.000165 seconds.
  path: Assets/Materials/HandBase.mat
  artifactKey: Guid(c5ed782ec8ff8d742a71bba3ef768575) Importer(815301076,1909f56bfc062723c751e8b465ee728b)
Start importing Assets/Materials/HandBase.mat using Guid(c5ed782ec8ff8d742a71bba3ef768575) Importer(815301076,1909f56bfc062723c751e8b465ee728b)  -> (artifact id: '6f87ff0d2fc1b83acd7d723f27451189') in 0.007531 seconds 
  Import took 0.012212 seconds .

========================================================================
Received Import Request.
  Time since last request: 0.000176 seconds.
  path: Assets/Materials/Ground.mat
  artifactKey: Guid(0b315e33f275da5488474f0c67b4e94a) Importer(815301076,1909f56bfc062723c751e8b465ee728b)
Start importing Assets/Materials/Ground.mat using Guid(0b315e33f275da5488474f0c67b4e94a) Importer(815301076,1909f56bfc062723c751e8b465ee728b)  -> (artifact id: '371774b13487468b4f1e399d5ac8e78c') in 0.006974 seconds 
  Import took 0.012201 seconds .

AssetImportWorkerClient::OnTransportError - code=2 error=End of file
